<?xml version="1.0" encoding="utf-8"?><testsuites name="pytest tests"><testsuite name="pytest" errors="0" failures="0" skipped="0" tests="5" time="34.285" timestamp="2026-06-29T14:43:24.477577+00:00" hostname="agent-env-a126d4ea-01ae-4948-852f-88b8513a83ec"><testcase classname="tests.test_idoes_api" name="test_api_root" time="0.289" /><testcase classname="tests.test_idoes_api" name="test_roast_stripe" time="33.022" /><testcase classname="tests.test_idoes_api" name="test_roast_empty_url" time="0.050" /><testcase classname="tests.test_idoes_api" name="test_create_lead" time="0.054" /><testcase classname="tests.test_idoes_api" name="test_status_create_and_list" time="0.105" /></testsuite></testsuites>